<?xml version="1.0" encoding="UTF-8"?>
<!-- Generated by org.testng.reporters.JUnitReportReporter -->
<testsuite hostname="DESKTOP-8OR4LFE" failures="0" tests="1" name="com.qsp.trello.oneendtoendscenario.TrelloCreatoAndDeleteBoard" time="31.535" errors="0" timestamp="2024-01-23T23:24:39 IST" skipped="0">
  <testcase classname="com.qsp.trello.oneendtoendscenario.TrelloCreatoAndDeleteBoard" name="checkWeatherEnduserCanCreateAndDeleteTheBoard" time="31.535"/>
  <system-out/>
</testsuite> <!-- com.qsp.trello.oneendtoendscenario.TrelloCreatoAndDeleteBoard -->
